<?xml version="1.0" encoding="UTF-8"?>
<testng-results total="2" passed="2" failed="0" skipped="0">
  <reporter-output>
  </reporter-output>
  <suite started-at="2021-03-04T00:32:57Z" name="Suite" finished-at="2021-03-04T00:34:02Z" duration-ms="64802">
    <groups>
      <group name="cucumber">
        <method signature="AbstractTestNGCucumberTests.feature(cucumber.api.testng.CucumberFeatureWrapper)[pri:0, instance:runner.RunCuke@4b2c5e02]" name="feature" class="cucumber.api.testng.AbstractTestNGCucumberTests"/>
      </group> <!-- cucumber -->
    </groups>
    <test started-at="2021-03-04T00:32:57Z" name="Test" finished-at="2021-03-04T00:34:02Z" duration-ms="64802">
      <class name="runner.RunCuke">
        <test-method is-config="true" signature="setUpClass()[pri:0, instance:runner.RunCuke@4b2c5e02]" started-at="2021-03-04T06:02:57Z" name="setUpClass" finished-at="2021-03-04T06:02:57Z" duration-ms="330" status="PASS">
          <reporter-output>
          </reporter-output>
        </test-method> <!-- setUpClass -->
        <test-method is-config="true" signature="setup()[pri:0, instance:runner.RunCuke@4b2c5e02]" started-at="2021-03-04T06:02:57Z" name="setup" finished-at="2021-03-04T06:02:58Z" duration-ms="493" status="PASS">
          <reporter-output>
          </reporter-output>
        </test-method> <!-- setup -->
        <test-method signature="feature(cucumber.api.testng.CucumberFeatureWrapper)[pri:0, instance:runner.RunCuke@4b2c5e02]" started-at="2021-03-04T06:02:58Z" name="feature" description="Runs Cucumber Feature" data-provider="features" finished-at="2021-03-04T06:03:27Z" duration-ms="28479" status="PASS">
          <params>
            <param index="0">
              <value>
                <![CDATA[Acceptance testing to validate search cars functionality is working]]>
              </value>
            </param>
          </params>
          <reporter-output>
          </reporter-output>
        </test-method> <!-- feature -->
        <test-method signature="feature(cucumber.api.testng.CucumberFeatureWrapper)[pri:0, instance:runner.RunCuke@4b2c5e02]" started-at="2021-03-04T06:03:27Z" name="feature" description="Runs Cucumber Feature" data-provider="features" finished-at="2021-03-04T06:04:02Z" duration-ms="35217" status="PASS">
          <params>
            <param index="0">
              <value>
                <![CDATA[Acceptance testing to validate used search cars functionality is working]]>
              </value>
            </param>
          </params>
          <reporter-output>
          </reporter-output>
        </test-method> <!-- feature -->
        <test-method is-config="true" signature="tearDownClass()[pri:0, instance:runner.RunCuke@4b2c5e02]" started-at="2021-03-04T06:04:02Z" name="tearDownClass" finished-at="2021-03-04T06:04:02Z" duration-ms="69" status="PASS">
          <reporter-output>
          </reporter-output>
        </test-method> <!-- tearDownClass -->
      </class> <!-- runner.RunCuke -->
    </test> <!-- Test -->
  </suite> <!-- Suite -->
</testng-results>
